{"time":"2024-11-19 22:49:50.558","level":"INFO","msg":"[HTTP] server listening on: [::]:8000"}
{"time":"2024-11-19 22:49:50.558","level":"INFO","msg":"[gRPC] server listening on: [::]:9000"}
{"time":"2024-11-19 22:49:53.906","level":"INFO","msg":"[HTTP] server stopping"}
{"time":"2024-11-19 22:49:53.906","level":"INFO","msg":"[gRPC] server stopping"}
{"time":"2024-11-19 22:49:53.906","level":"INFO","msg":"closing the data resources"}
{"time":"2024-12-02 18:59:27.743","level":"INFO","msg":"[HTTP] server listening on: [::]:8000"}
{"time":"2024-12-02 18:59:27.743","level":"INFO","msg":"[gRPC] server listening on: [::]:9000"}
{"time":"2024-12-02 18:59:30.274","level":"INFO","msg":"[HTTP] server stopping"}
{"time":"2024-12-02 18:59:30.274","level":"INFO","msg":"[gRPC] server stopping"}
{"time":"2024-12-02 18:59:30.274","level":"INFO","msg":"closing the data resources"}
{"time":"2024-12-03 09:56:08.612","level":"INFO","msg":"[HTTP] server listening on: [::]:8000"}
{"time":"2024-12-03 09:56:08.612","level":"INFO","msg":"[gRPC] server listening on: [::]:9000"}
{"time":"2024-12-03 09:56:17.481","level":"INFO","msg":"[HTTP] server stopping"}
{"time":"2024-12-03 09:56:17.481","level":"INFO","msg":"[gRPC] server stopping"}
{"time":"2024-12-03 09:56:17.481","level":"INFO","msg":"closing the data resources"}
{"time":"2024-12-03 10:36:04.074","level":"INFO","msg":"[HTTP] server listening on: [::]:8000"}
{"time":"2024-12-03 10:36:04.074","level":"INFO","msg":"[gRPC] server listening on: [::]:9000"}
{"time":"2024-12-03 11:08:59.982","level":"INFO","msg":"[gRPC] server stopping"}
{"time":"2024-12-03 11:08:59.980","level":"INFO","msg":"[HTTP] server stopping"}
{"time":"2024-12-03 11:08:59.984","level":"INFO","msg":"closing the data resources"}
